<?xml version="1.0" encoding="UTF-8"?>
<!-- Generated by org.testng.reporters.JUnitReportReporter -->
<testsuite hostname="Lenovo-PC" failures="0" tests="2" name="com.QE.hs.KeywordTests.LoginTest" time="17.222" errors="0" timestamp="2020-07-14T17:43:35 IST" skipped="0">
  <testcase classname="com.QE.hs.KeywordTests.LoginTest" name="signUpTest" time="0.121"/>
  <system-out/>
  <testcase classname="com.QE.hs.KeywordTests.LoginTest" name="loginTest" time="17.101"/>
  <system-out/>
</testsuite> <!-- com.QE.hs.KeywordTests.LoginTest -->
